<?xml version="1.0" encoding="UTF-8"?>
<!-- Generated by org.testng.reporters.JUnitXMLReporter -->
<testsuite ignored="0" hostname="DESKTOP-SGJFKQO" failures="0" tests="10" name="Test" time="164.945" errors="0" timestamp="2025-03-17T15:15:54 IST">
  <testcase classname="com.sdet.Demo1" name="mutiply" time="0.036"/>
  <testcase classname="com.sdet.Demo1" name="add" time="0.008"/>
  <testcase classname="com.sdet.Demo1" name="division" time="0.006"/>
  <testcase classname="com.sdet.Demo1" name="sub" time="0.005"/>
  <testcase classname="com.sdet.Hanadling_checkboxes" name="login1" time="53.845"/>
  <testcase classname="com.sdet.TC_login" name="login" time="22.225"/>
  <testcase classname="com.sdet.Demo2" name="validateLogin" time="0.008"/>
  <testcase classname="com.sdet.Demo2" name="validateTitle" time="0.005"/>
  <testcase classname="com.sdet.Login" name="setup" time="43.856"/>
  <testcase classname="com.sdet.Login" name="setup" time="44.75"/>
</testsuite> <!-- Test -->
