<?xml version="1.0" encoding="UTF-8"?>
<!-- Generated by org.testng.reporters.JUnitReportReporter -->
<testsuite hostname="DESKTOP-SGJFKQO" failures="0" tests="4" name="com.sdet.Demo1" time="0.055" errors="0" timestamp="2025-03-17T15:15:54 IST" skipped="0">
  <testcase classname="com.sdet.Demo1" name="mutiply" time="0.036"/>
  <testcase classname="com.sdet.Demo1" name="add" time="0.008"/>
  <testcase classname="com.sdet.Demo1" name="division" time="0.006"/>
  <testcase classname="com.sdet.Demo1" name="sub" time="0.005"/>
</testsuite> <!-- com.sdet.Demo1 -->
