<?xml version="1.0" encoding="UTF-8"?>
<!-- Generated by org.testng.reporters.JUnitReportReporter -->
<testsuite hostname="DESKTOP-SGJFKQO" failures="0" tests="4" name="com.sdet.Testng_1" time="12.364" errors="0" timestamp="2025-04-03T17:16:57 IST" skipped="0">
  <testcase classname="com.sdet.Testng_1" name="enterUrl" time="10.932"/>
  <testcase classname="com.sdet.Testng_1" name="enterUsername" time="0.216"/>
  <testcase classname="com.sdet.Testng_1" name="enterPassword" time="0.144"/>
  <testcase classname="com.sdet.Testng_1" name="verifyLogin" time="1.072"/>
</testsuite> <!-- com.sdet.Testng_1 -->
