<?xml version="1.0" encoding="UTF-8"?>
<!-- Generated by org.testng.reporters.JUnitReportReporter -->
<testsuite hostname="DESKTOP-SGJFKQO" failures="0" tests="3" name="com.sdet.AppTest" time="0.032" errors="0" timestamp="2025-02-26T16:36:43 IST" skipped="0">
  <testcase classname="com.sdet.AppTest" name="searchForProduct" time="0.007"/>
  <testcase classname="com.sdet.AppTest" name="validateLogin" time="0.016"/>
  <testcase classname="com.sdet.AppTest" name="validatePageTitle" time="0.009"/>
</testsuite> <!-- com.sdet.AppTest -->
