<?xml version="1.0" encoding="UTF-8"?>
<!-- Generated by org.testng.reporters.JUnitReportReporter -->
<testsuite hostname="DESKTOP-SGJFKQO" failures="0" tests="3" name="com.sdet.Testng_2" time="0.029" errors="0" timestamp="2025-04-03T17:20:32 IST" skipped="0">
  <testcase classname="com.sdet.Testng_2" name="m3" time="0.006"/>
  <testcase classname="com.sdet.Testng_2" name="m1" time="0.016"/>
  <testcase classname="com.sdet.Testng_2" name="m2" time="0.007"/>
</testsuite> <!-- com.sdet.Testng_2 -->
