<?xml version="1.0" encoding="UTF-8"?>
<!-- Generated by org.testng.reporters.JUnitReportReporter -->
<testsuite hostname="DESKTOP-SGJFKQO" failures="0" tests="4" name="com.sdet.Testng_3" time="0.036" errors="0" timestamp="2025-04-03T17:23:30 IST" skipped="0">
  <testcase classname="com.sdet.Testng_3" name="closeBrowser" time="0.006"/>
  <testcase classname="com.sdet.Testng_3" name="launchBrowser" time="0.024"/>
  <testcase classname="com.sdet.Testng_3" name="enterURL" time="0.002"/>
  <testcase classname="com.sdet.Testng_3" name="verifyLogin" time="0.004"/>
</testsuite> <!-- com.sdet.Testng_3 -->
